{"total": {"lines":{"total":821,"covered":674,"skipped":0,"pct":82.09},"statements":{"total":965,"covered":774,"skipped":0,"pct":80.2},"functions":{"total":359,"covered":261,"skipped":0,"pct":72.7},"branches":{"total":852,"covered":530,"skipped":0,"pct":62.2},"branchesTrue":{"total":0,"covered":0,"skipped":0,"pct":100}}
,"C:\\CFAI_Project\\tourist-route-planner\\frontend\\src\\App.jsx": {"lines":{"total":1,"covered":1,"skipped":0,"pct":100},"functions":{"total":1,"covered":1,"skipped":0,"pct":100},"statements":{"total":1,"covered":1,"skipped":0,"pct":100},"branches":{"total":0,"covered":0,"skipped":0,"pct":100}}
,"C:\\CFAI_Project\\tourist-route-planner\\frontend\\src\\main.jsx": {"lines":{"total":1,"covered":1,"skipped":0,"pct":100},"functions":{"total":0,"covered":0,"skipped":0,"pct":100},"statements":{"total":1,"covered":1,"skipped":0,"pct":100},"branches":{"total":0,"covered":0,"skipped":0,"pct":100}}
,"C:\\CFAI_Project\\tourist-route-planner\\frontend\\src\\components\\AttractionSidebar.jsx": {"lines":{"total":17,"covered":17,"skipped":0,"pct":100},"functions":{"total":12,"covered":12,"skipped":0,"pct":100},"statements":{"total":20,"covered":20,"skipped":0,"pct":100},"branches":{"total":29,"covered":28,"skipped":0,"pct":96.55}}
,"C:\\CFAI_Project\\tourist-route-planner\\frontend\\src\\components\\CSPPanel.jsx": {"lines":{"total":32,"covered":28,"skipped":0,"pct":87.5},"functions":{"total":12,"covered":8,"skipped":0,"pct":66.66},"statements":{"total":38,"covered":31,"skipped":0,"pct":81.57},"branches":{"total":26,"covered":22,"skipped":0,"pct":84.61}}
,"C:\\CFAI_Project\\tourist-route-planner\\frontend\\src\\components\\DecisionPanel.jsx": {"lines":{"total":50,"covered":47,"skipped":0,"pct":94},"functions":{"total":20,"covered":20,"skipped":0,"pct":100},"statements":{"total":60,"covered":55,"skipped":0,"pct":91.66},"branches":{"total":32,"covered":24,"skipped":0,"pct":75}}
,"C:\\CFAI_Project\\tourist-route-planner\\frontend\\src\\components\\DestinationSearch.jsx": {"lines":{"total":61,"covered":27,"skipped":0,"pct":44.26},"functions":{"total":24,"covered":12,"skipped":0,"pct":50},"statements":{"total":66,"covered":31,"skipped":0,"pct":46.96},"branches":{"total":66,"covered":38,"skipped":0,"pct":57.57}}
,"C:\\CFAI_Project\\tourist-route-planner\\frontend\\src\\components\\ErrorBoundary.jsx": {"lines":{"total":8,"covered":7,"skipped":0,"pct":87.5},"functions":{"total":5,"covered":4,"skipped":0,"pct":80},"statements":{"total":8,"covered":7,"skipped":0,"pct":87.5},"branches":{"total":2,"covered":2,"skipped":0,"pct":100}}
,"C:\\CFAI_Project\\tourist-route-planner\\frontend\\src\\components\\HybridPanel.jsx": {"lines":{"total":48,"covered":31,"skipped":0,"pct":64.58},"functions":{"total":23,"covered":11,"skipped":0,"pct":47.82},"statements":{"total":54,"covered":35,"skipped":0,"pct":64.81},"branches":{"total":78,"covered":31,"skipped":0,"pct":39.74}}
,"C:\\CFAI_Project\\tourist-route-planner\\frontend\\src\\components\\MapView.jsx": {"lines":{"total":58,"covered":41,"skipped":0,"pct":70.68},"functions":{"total":22,"covered":14,"skipped":0,"pct":63.63},"statements":{"total":71,"covered":45,"skipped":0,"pct":63.38},"branches":{"total":79,"covered":39,"skipped":0,"pct":49.36}}
,"C:\\CFAI_Project\\tourist-route-planner\\frontend\\src\\components\\NavSidebar.jsx": {"lines":{"total":9,"covered":9,"skipped":0,"pct":100},"functions":{"total":4,"covered":4,"skipped":0,"pct":100},"statements":{"total":9,"covered":9,"skipped":0,"pct":100},"branches":{"total":27,"covered":22,"skipped":0,"pct":81.48}}
,"C:\\CFAI_Project\\tourist-route-planner\\frontend\\src\\components\\PageLayout.jsx": {"lines":{"total":2,"covered":2,"skipped":0,"pct":100},"functions":{"total":1,"covered":1,"skipped":0,"pct":100},"statements":{"total":2,"covered":2,"skipped":0,"pct":100},"branches":{"total":11,"covered":11,"skipped":0,"pct":100}}
,"C:\\CFAI_Project\\tourist-route-planner\\frontend\\src\\components\\ProbabilisticPanel.jsx": {"lines":{"total":48,"covered":40,"skipped":0,"pct":83.33},"functions":{"total":21,"covered":15,"skipped":0,"pct":71.42},"statements":{"total":55,"covered":46,"skipped":0,"pct":83.63},"branches":{"total":48,"covered":33,"skipped":0,"pct":68.75}}
,"C:\\CFAI_Project\\tourist-route-planner\\frontend\\src\\components\\SearchPanel.jsx": {"lines":{"total":39,"covered":37,"skipped":0,"pct":94.87},"functions":{"total":14,"covered":12,"skipped":0,"pct":85.71},"statements":{"total":48,"covered":46,"skipped":0,"pct":95.83},"branches":{"total":41,"covered":37,"skipped":0,"pct":90.24}}
,"C:\\CFAI_Project\\tourist-route-planner\\frontend\\src\\components\\TraceViewer.jsx": {"lines":{"total":32,"covered":24,"skipped":0,"pct":75},"functions":{"total":15,"covered":7,"skipped":0,"pct":46.66},"statements":{"total":41,"covered":28,"skipped":0,"pct":68.29},"branches":{"total":54,"covered":36,"skipped":0,"pct":66.66}}
,"C:\\CFAI_Project\\tourist-route-planner\\frontend\\src\\context\\AppContext.jsx": {"lines":{"total":4,"covered":4,"skipped":0,"pct":100},"functions":{"total":1,"covered":1,"skipped":0,"pct":100},"statements":{"total":5,"covered":5,"skipped":0,"pct":100},"branches":{"total":2,"covered":2,"skipped":0,"pct":100}}
,"C:\\CFAI_Project\\tourist-route-planner\\frontend\\src\\context\\AppProvider.jsx": {"lines":{"total":68,"covered":68,"skipped":0,"pct":100},"functions":{"total":30,"covered":29,"skipped":0,"pct":96.66},"statements":{"total":82,"covered":81,"skipped":0,"pct":98.78},"branches":{"total":15,"covered":13,"skipped":0,"pct":86.66}}
,"C:\\CFAI_Project\\tourist-route-planner\\frontend\\src\\pages\\CO1Page.jsx": {"lines":{"total":16,"covered":16,"skipped":0,"pct":100},"functions":{"total":9,"covered":9,"skipped":0,"pct":100},"statements":{"total":17,"covered":17,"skipped":0,"pct":100},"branches":{"total":10,"covered":10,"skipped":0,"pct":100}}
,"C:\\CFAI_Project\\tourist-route-planner\\frontend\\src\\pages\\CO2Page.jsx": {"lines":{"total":41,"covered":39,"skipped":0,"pct":95.12},"functions":{"total":15,"covered":14,"skipped":0,"pct":93.33},"statements":{"total":51,"covered":45,"skipped":0,"pct":88.23},"branches":{"total":39,"covered":27,"skipped":0,"pct":69.23}}
,"C:\\CFAI_Project\\tourist-route-planner\\frontend\\src\\pages\\CO3Page.jsx": {"lines":{"total":37,"covered":32,"skipped":0,"pct":86.48},"functions":{"total":12,"covered":8,"skipped":0,"pct":66.66},"statements":{"total":42,"covered":34,"skipped":0,"pct":80.95},"branches":{"total":34,"covered":21,"skipped":0,"pct":61.76}}
,"C:\\CFAI_Project\\tourist-route-planner\\frontend\\src\\pages\\CO4Page.jsx": {"lines":{"total":51,"covered":47,"skipped":0,"pct":92.15},"functions":{"total":19,"covered":15,"skipped":0,"pct":78.94},"statements":{"total":64,"covered":54,"skipped":0,"pct":84.37},"branches":{"total":40,"covered":29,"skipped":0,"pct":72.5}}
,"C:\\CFAI_Project\\tourist-route-planner\\frontend\\src\\pages\\CO5Page.jsx": {"lines":{"total":49,"covered":43,"skipped":0,"pct":87.75},"functions":{"total":21,"covered":14,"skipped":0,"pct":66.66},"statements":{"total":56,"covered":49,"skipped":0,"pct":87.5},"branches":{"total":48,"covered":30,"skipped":0,"pct":62.5}}
,"C:\\CFAI_Project\\tourist-route-planner\\frontend\\src\\pages\\CO6Page.jsx": {"lines":{"total":52,"covered":26,"skipped":0,"pct":50},"functions":{"total":24,"covered":3,"skipped":0,"pct":12.5},"statements":{"total":59,"covered":27,"skipped":0,"pct":45.76},"branches":{"total":98,"covered":17,"skipped":0,"pct":17.34}}
,"C:\\CFAI_Project\\tourist-route-planner\\frontend\\src\\pages\\HomePage.jsx": {"lines":{"total":56,"covered":46,"skipped":0,"pct":82.14},"functions":{"total":25,"covered":18,"skipped":0,"pct":72},"statements":{"total":60,"covered":50,"skipped":0,"pct":83.33},"branches":{"total":57,"covered":42,"skipped":0,"pct":73.68}}
,"C:\\CFAI_Project\\tourist-route-planner\\frontend\\src\\utils\\api.js": {"lines":{"total":26,"covered":26,"skipped":0,"pct":100},"functions":{"total":27,"covered":27,"skipped":0,"pct":100},"statements":{"total":38,"covered":38,"skipped":0,"pct":100},"branches":{"total":10,"covered":10,"skipped":0,"pct":100}}
,"C:\\CFAI_Project\\tourist-route-planner\\frontend\\src\\utils\\geo.js": {"lines":{"total":15,"covered":15,"skipped":0,"pct":100},"functions":{"total":2,"covered":2,"skipped":0,"pct":100},"statements":{"total":17,"covered":17,"skipped":0,"pct":100},"branches":{"total":6,"covered":6,"skipped":0,"pct":100}}
}
